<?xml version="1.0" encoding="UTF-8"?>
<testng-results skipped="0" failed="0" ignored="0" total="1" passed="1">
  <reporter-output>
  </reporter-output>
  <suite name="Suite" duration-ms="31323" started-at="2022-09-11T09:40:53Z" finished-at="2022-09-11T09:41:24Z">
    <groups>
    </groups>
    <test name="Test" duration-ms="31323" started-at="2022-09-11T09:40:53Z" finished-at="2022-09-11T09:41:24Z">
      <class name="SaucePackage.SauceDemoLogin">
        <test-method status="PASS" signature="SetUp()[pri:0, instance:SaucePackage.SauceDemoLogin@62bd765]" name="SetUp" is-config="true" duration-ms="28764" started-at="2022-09-11T09:40:53Z" finished-at="2022-09-11T09:41:22Z">
          <reporter-output>
          </reporter-output>
        </test-method> <!-- SetUp -->
        <test-method status="PASS" signature="loginTest()[pri:0, instance:SaucePackage.SauceDemoLogin@62bd765]" name="loginTest" duration-ms="1846" started-at="2022-09-11T09:41:22Z" finished-at="2022-09-11T09:41:23Z">
          <reporter-output>
          </reporter-output>
        </test-method> <!-- loginTest -->
        <test-method status="PASS" signature="closing()[pri:0, instance:SaucePackage.SauceDemoLogin@62bd765]" name="closing" is-config="true" duration-ms="650" started-at="2022-09-11T09:41:23Z" finished-at="2022-09-11T09:41:24Z">
          <reporter-output>
          </reporter-output>
        </test-method> <!-- closing -->
      </class> <!-- SaucePackage.SauceDemoLogin -->
    </test> <!-- Test -->
  </suite> <!-- Suite -->
</testng-results>
