<?xml version="1.0" encoding="UTF-8"?>
<testng-results skipped="0" failed="0" ignored="0" total="1" passed="1">
  <reporter-output>
  </reporter-output>
  <suite name="Default suite" duration-ms="54089" started-at="2022-09-11T13:00:52 IST" finished-at="2022-09-11T13:01:46 IST">
    <groups>
    </groups>
    <test name="Default test" duration-ms="54089" started-at="2022-09-11T13:00:52 IST" finished-at="2022-09-11T13:01:46 IST">
      <class name="SaucePackage.SauceDemoLogin">
        <test-method status="PASS" signature="SetUp()[pri:0, instance:SaucePackage.SauceDemoLogin@5faeada1]" name="SetUp" is-config="true" duration-ms="47595" started-at="2022-09-11T13:00:52 IST" finished-at="2022-09-11T13:01:40 IST">
          <reporter-output>
          </reporter-output>
        </test-method> <!-- SetUp -->
        <test-method status="PASS" signature="loginTest()[pri:0, instance:SaucePackage.SauceDemoLogin@5faeada1]" name="loginTest" duration-ms="2682" started-at="2022-09-11T13:01:40 IST" finished-at="2022-09-11T13:01:42 IST">
          <reporter-output>
          </reporter-output>
        </test-method> <!-- loginTest -->
        <test-method status="PASS" signature="closing()[pri:0, instance:SaucePackage.SauceDemoLogin@5faeada1]" name="closing" is-config="true" duration-ms="3681" started-at="2022-09-11T13:01:42 IST" finished-at="2022-09-11T13:01:46 IST">
          <reporter-output>
          </reporter-output>
        </test-method> <!-- closing -->
      </class> <!-- SaucePackage.SauceDemoLogin -->
    </test> <!-- Default test -->
  </suite> <!-- Default suite -->
</testng-results>
